{"/Users/manfredwerner/Documents/coding/tic-tac-toe/main.js": {"path":"/Users/manfredwerner/Documents/coding/tic-tac-toe/main.js","all":true,"statementMap":{"0":{"start":{"line":1,"column":0},"end":{"line":1,"column":21}},"1":{"start":{"line":2,"column":0},"end":{"line":2,"column":33}},"2":{"start":{"line":3,"column":0},"end":{"line":3,"column":0}},"3":{"start":{"line":4,"column":0},"end":{"line":4,"column":33}},"4":{"start":{"line":5,"column":0},"end":{"line":5,"column":24}},"5":{"start":{"line":6,"column":0},"end":{"line":6,"column":32}},"6":{"start":{"line":7,"column":0},"end":{"line":7,"column":44}},"7":{"start":{"line":8,"column":0},"end":{"line":8,"column":0}},"8":{"start":{"line":9,"column":0},"end":{"line":9,"column":44}},"9":{"start":{"line":10,"column":0},"end":{"line":10,"column":41}},"10":{"start":{"line":11,"column":0},"end":{"line":11,"column":0}},"11":{"start":{"line":12,"column":0},"end":{"line":12,"column":31}},"12":{"start":{"line":13,"column":0},"end":{"line":13,"column":0}},"13":{"start":{"line":14,"column":0},"end":{"line":14,"column":26}},"14":{"start":{"line":15,"column":0},"end":{"line":15,"column":24}},"15":{"start":{"line":16,"column":0},"end":{"line":16,"column":6}},"16":{"start":{"line":17,"column":0},"end":{"line":17,"column":0}},"17":{"start":{"line":18,"column":0},"end":{"line":18,"column":23}},"18":{"start":{"line":19,"column":0},"end":{"line":19,"column":54}},"19":{"start":{"line":20,"column":0},"end":{"line":20,"column":62}},"20":{"start":{"line":21,"column":0},"end":{"line":21,"column":6}},"21":{"start":{"line":22,"column":0},"end":{"line":22,"column":0}},"22":{"start":{"line":23,"column":0},"end":{"line":23,"column":26}},"23":{"start":{"line":24,"column":0},"end":{"line":24,"column":2}},"24":{"start":{"line":25,"column":0},"end":{"line":25,"column":0}},"25":{"start":{"line":26,"column":0},"end":{"line":26,"column":26}},"26":{"start":{"line":27,"column":0},"end":{"line":27,"column":30}},"27":{"start":{"line":28,"column":0},"end":{"line":28,"column":29}},"28":{"start":{"line":29,"column":0},"end":{"line":29,"column":23}},"29":{"start":{"line":30,"column":0},"end":{"line":30,"column":1}},"30":{"start":{"line":31,"column":0},"end":{"line":31,"column":0}},"31":{"start":{"line":32,"column":0},"end":{"line":32,"column":23}},"32":{"start":{"line":33,"column":0},"end":{"line":33,"column":18}},"33":{"start":{"line":34,"column":0},"end":{"line":34,"column":63}},"34":{"start":{"line":35,"column":0},"end":{"line":35,"column":54}},"35":{"start":{"line":36,"column":0},"end":{"line":36,"column":1}}},"s":{"0":0,"1":0,"2":0,"3":0,"4":0,"5":0,"6":0,"7":0,"8":0,"9":0,"10":0,"11":0,"12":0,"13":0,"14":0,"15":0,"16":0,"17":0,"18":0,"19":0,"20":0,"21":0,"22":0,"23":0,"24":0,"25":0,"26":0,"27":0,"28":0,"29":0,"30":0,"31":0,"32":0,"33":0,"34":0,"35":0},"branchMap":{"0":{"type":"branch","line":1,"loc":{"start":{"line":1,"column":0},"end":{"line":36,"column":1}},"locations":[{"start":{"line":1,"column":0},"end":{"line":36,"column":1}}]}},"b":{"0":[0]},"fnMap":{"0":{"name":"(empty-report)","decl":{"start":{"line":1,"column":0},"end":{"line":36,"column":1}},"loc":{"start":{"line":1,"column":0},"end":{"line":36,"column":1}},"line":1}},"f":{"0":0}}
,"/Users/manfredwerner/Documents/coding/tic-tac-toe/app/board.js": {"path":"/Users/manfredwerner/Documents/coding/tic-tac-toe/app/board.js","all":false,"statementMap":{"0":{"start":{"line":1,"column":0},"end":{"line":1,"column":68}},"1":{"start":{"line":2,"column":0},"end":{"line":2,"column":0}},"2":{"start":{"line":3,"column":0},"end":{"line":3,"column":35}},"3":{"start":{"line":4,"column":0},"end":{"line":4,"column":33}},"4":{"start":{"line":5,"column":0},"end":{"line":5,"column":0}},"5":{"start":{"line":6,"column":0},"end":{"line":6,"column":28}},"6":{"start":{"line":7,"column":0},"end":{"line":7,"column":0}},"7":{"start":{"line":8,"column":0},"end":{"line":8,"column":19}},"8":{"start":{"line":9,"column":0},"end":{"line":9,"column":87}},"9":{"start":{"line":10,"column":0},"end":{"line":10,"column":53}},"10":{"start":{"line":11,"column":0},"end":{"line":11,"column":33}},"11":{"start":{"line":12,"column":0},"end":{"line":12,"column":5}},"12":{"start":{"line":13,"column":0},"end":{"line":13,"column":0}},"13":{"start":{"line":14,"column":0},"end":{"line":14,"column":19}},"14":{"start":{"line":15,"column":0},"end":{"line":15,"column":52}},"15":{"start":{"line":16,"column":0},"end":{"line":16,"column":52}},"16":{"start":{"line":17,"column":0},"end":{"line":17,"column":62}},"17":{"start":{"line":18,"column":0},"end":{"line":18,"column":46}},"18":{"start":{"line":19,"column":0},"end":{"line":19,"column":49}},"19":{"start":{"line":20,"column":0},"end":{"line":20,"column":9}},"20":{"start":{"line":21,"column":0},"end":{"line":21,"column":79}},"21":{"start":{"line":22,"column":0},"end":{"line":22,"column":5}},"22":{"start":{"line":23,"column":0},"end":{"line":23,"column":0}},"23":{"start":{"line":24,"column":0},"end":{"line":24,"column":36}},"24":{"start":{"line":25,"column":0},"end":{"line":25,"column":48}},"25":{"start":{"line":26,"column":0},"end":{"line":26,"column":41}},"26":{"start":{"line":27,"column":0},"end":{"line":27,"column":68}},"27":{"start":{"line":28,"column":0},"end":{"line":28,"column":0}},"28":{"start":{"line":29,"column":0},"end":{"line":29,"column":30}},"29":{"start":{"line":30,"column":0},"end":{"line":30,"column":39}},"30":{"start":{"line":31,"column":0},"end":{"line":31,"column":41}},"31":{"start":{"line":32,"column":0},"end":{"line":32,"column":62}},"32":{"start":{"line":33,"column":0},"end":{"line":33,"column":70}},"33":{"start":{"line":34,"column":0},"end":{"line":34,"column":39}},"34":{"start":{"line":35,"column":0},"end":{"line":35,"column":55}},"35":{"start":{"line":36,"column":0},"end":{"line":36,"column":13}},"36":{"start":{"line":37,"column":0},"end":{"line":37,"column":24}},"37":{"start":{"line":38,"column":0},"end":{"line":38,"column":11}},"38":{"start":{"line":39,"column":0},"end":{"line":39,"column":5}},"39":{"start":{"line":40,"column":0},"end":{"line":40,"column":0}},"40":{"start":{"line":41,"column":0},"end":{"line":41,"column":32}},"41":{"start":{"line":42,"column":0},"end":{"line":42,"column":39}},"42":{"start":{"line":43,"column":0},"end":{"line":43,"column":51}},"43":{"start":{"line":44,"column":0},"end":{"line":44,"column":55}},"44":{"start":{"line":45,"column":0},"end":{"line":45,"column":82}},"45":{"start":{"line":46,"column":0},"end":{"line":46,"column":70}},"46":{"start":{"line":47,"column":0},"end":{"line":47,"column":66}},"47":{"start":{"line":48,"column":0},"end":{"line":48,"column":17}},"48":{"start":{"line":49,"column":0},"end":{"line":49,"column":60}},"49":{"start":{"line":50,"column":0},"end":{"line":50,"column":56}},"50":{"start":{"line":51,"column":0},"end":{"line":51,"column":17}},"51":{"start":{"line":52,"column":0},"end":{"line":52,"column":0}},"52":{"start":{"line":53,"column":0},"end":{"line":53,"column":38}},"53":{"start":{"line":54,"column":0},"end":{"line":54,"column":33}},"54":{"start":{"line":55,"column":0},"end":{"line":55,"column":36}},"55":{"start":{"line":56,"column":0},"end":{"line":56,"column":91}},"56":{"start":{"line":57,"column":0},"end":{"line":57,"column":13}},"57":{"start":{"line":58,"column":0},"end":{"line":58,"column":24}},"58":{"start":{"line":59,"column":0},"end":{"line":59,"column":11}},"59":{"start":{"line":60,"column":0},"end":{"line":60,"column":5}},"60":{"start":{"line":61,"column":0},"end":{"line":61,"column":0}},"61":{"start":{"line":62,"column":0},"end":{"line":62,"column":46}},"62":{"start":{"line":63,"column":0},"end":{"line":63,"column":45}},"63":{"start":{"line":64,"column":0},"end":{"line":64,"column":61}},"64":{"start":{"line":65,"column":0},"end":{"line":65,"column":61}},"65":{"start":{"line":66,"column":0},"end":{"line":66,"column":80}},"66":{"start":{"line":67,"column":0},"end":{"line":67,"column":94}},"67":{"start":{"line":68,"column":0},"end":{"line":68,"column":11}},"68":{"start":{"line":69,"column":0},"end":{"line":69,"column":5}},"69":{"start":{"line":70,"column":0},"end":{"line":70,"column":0}},"70":{"start":{"line":71,"column":0},"end":{"line":71,"column":1}}},"s":{"0":1,"1":1,"2":1,"3":1,"4":1,"5":1,"6":1,"7":1,"8":5,"9":5,"10":5,"11":5,"12":1,"13":1,"14":5,"15":45,"16":45,"17":45,"18":45,"19":45,"20":5,"21":5,"22":1,"23":1,"24":17,"25":17,"26":17,"27":17,"28":17,"29":17,"30":153,"31":17,"32":17,"33":17,"34":17,"35":17,"36":153,"37":17,"38":17,"39":1,"40":1,"41":2,"42":18,"43":2,"44":2,"45":2,"46":2,"47":2,"48":2,"49":2,"50":2,"51":2,"52":2,"53":2,"54":2,"55":2,"56":2,"57":18,"58":2,"59":2,"60":1,"61":1,"62":1,"63":9,"64":9,"65":9,"66":9,"67":1,"68":1,"69":1,"70":1},"branchMap":{"0":{"type":"branch","line":8,"loc":{"start":{"line":8,"column":4},"end":{"line":12,"column":5}},"locations":[{"start":{"line":8,"column":4},"end":{"line":12,"column":5}}]},"1":{"type":"branch","line":14,"loc":{"start":{"line":14,"column":4},"end":{"line":22,"column":5}},"locations":[{"start":{"line":14,"column":4},"end":{"line":22,"column":5}}]},"2":{"type":"branch","line":15,"loc":{"start":{"line":15,"column":51},"end":{"line":20,"column":9}},"locations":[{"start":{"line":15,"column":51},"end":{"line":20,"column":9}}]},"3":{"type":"branch","line":24,"loc":{"start":{"line":24,"column":4},"end":{"line":39,"column":5}},"locations":[{"start":{"line":24,"column":4},"end":{"line":39,"column":5}}]},"4":{"type":"branch","line":30,"loc":{"start":{"line":30,"column":30},"end":{"line":38,"column":9}},"locations":[{"start":{"line":30,"column":30},"end":{"line":38,"column":9}}]},"5":{"type":"branch","line":31,"loc":{"start":{"line":31,"column":40},"end":{"line":36,"column":13}},"locations":[{"start":{"line":31,"column":40},"end":{"line":36,"column":13}}]},"6":{"type":"branch","line":41,"loc":{"start":{"line":41,"column":4},"end":{"line":60,"column":5}},"locations":[{"start":{"line":41,"column":4},"end":{"line":60,"column":5}}]},"7":{"type":"branch","line":42,"loc":{"start":{"line":42,"column":30},"end":{"line":59,"column":9}},"locations":[{"start":{"line":42,"column":30},"end":{"line":59,"column":9}}]},"8":{"type":"branch","line":43,"loc":{"start":{"line":43,"column":50},"end":{"line":57,"column":13}},"locations":[{"start":{"line":43,"column":50},"end":{"line":57,"column":13}}]},"9":{"type":"branch","line":56,"loc":{"start":{"line":56,"column":59},"end":{"line":56,"column":89}},"locations":[{"start":{"line":56,"column":59},"end":{"line":56,"column":89}}]},"10":{"type":"branch","line":62,"loc":{"start":{"line":62,"column":4},"end":{"line":69,"column":5}},"locations":[{"start":{"line":62,"column":4},"end":{"line":69,"column":5}}]},"11":{"type":"branch","line":63,"loc":{"start":{"line":63,"column":34},"end":{"line":68,"column":9}},"locations":[{"start":{"line":63,"column":34},"end":{"line":68,"column":9}}]},"12":{"type":"branch","line":66,"loc":{"start":{"line":66,"column":62},"end":{"line":66,"column":69}},"locations":[{"start":{"line":66,"column":62},"end":{"line":66,"column":69}}]},"13":{"type":"branch","line":66,"loc":{"start":{"line":66,"column":70},"end":{"line":66,"column":78}},"locations":[{"start":{"line":66,"column":70},"end":{"line":66,"column":78}}]}},"b":{"0":[5],"1":[5],"2":[45],"3":[17],"4":[153],"5":[17],"6":[2],"7":[18],"8":[2],"9":[3],"10":[1],"11":[9],"12":[3],"13":[6]},"fnMap":{"0":{"name":"Board","decl":{"start":{"line":8,"column":4},"end":{"line":12,"column":5}},"loc":{"start":{"line":8,"column":4},"end":{"line":12,"column":5}},"line":8},"1":{"name":"createBoard","decl":{"start":{"line":14,"column":4},"end":{"line":22,"column":5}},"loc":{"start":{"line":14,"column":4},"end":{"line":22,"column":5}},"line":14},"2":{"name":"markBoardCell","decl":{"start":{"line":24,"column":4},"end":{"line":39,"column":5}},"loc":{"start":{"line":24,"column":4},"end":{"line":39,"column":5}},"line":24},"3":{"name":"unmarkBoardCell","decl":{"start":{"line":41,"column":4},"end":{"line":60,"column":5}},"loc":{"start":{"line":41,"column":4},"end":{"line":60,"column":5}},"line":41},"4":{"name":"highlightWinBoardCells","decl":{"start":{"line":62,"column":4},"end":{"line":69,"column":5}},"loc":{"start":{"line":62,"column":4},"end":{"line":69,"column":5}},"line":62}},"f":{"0":5,"1":5,"2":17,"3":2,"4":1}}
,"/Users/manfredwerner/Documents/coding/tic-tac-toe/app/game.js": {"path":"/Users/manfredwerner/Documents/coding/tic-tac-toe/app/game.js","all":false,"statementMap":{"0":{"start":{"line":1,"column":0},"end":{"line":1,"column":61}},"1":{"start":{"line":2,"column":0},"end":{"line":2,"column":38}},"2":{"start":{"line":3,"column":0},"end":{"line":3,"column":34}},"3":{"start":{"line":4,"column":0},"end":{"line":4,"column":46}},"4":{"start":{"line":5,"column":0},"end":{"line":5,"column":0}},"5":{"start":{"line":6,"column":0},"end":{"line":6,"column":33}},"6":{"start":{"line":7,"column":0},"end":{"line":7,"column":43}},"7":{"start":{"line":8,"column":0},"end":{"line":8,"column":47}},"8":{"start":{"line":9,"column":0},"end":{"line":9,"column":41}},"9":{"start":{"line":10,"column":0},"end":{"line":10,"column":21}},"10":{"start":{"line":11,"column":0},"end":{"line":11,"column":21}},"11":{"start":{"line":12,"column":0},"end":{"line":12,"column":0}},"12":{"start":{"line":13,"column":0},"end":{"line":13,"column":41}},"13":{"start":{"line":14,"column":0},"end":{"line":14,"column":0}},"14":{"start":{"line":15,"column":0},"end":{"line":15,"column":19}},"15":{"start":{"line":16,"column":0},"end":{"line":16,"column":16}},"16":{"start":{"line":17,"column":0},"end":{"line":17,"column":29}},"17":{"start":{"line":18,"column":0},"end":{"line":18,"column":30}},"18":{"start":{"line":19,"column":0},"end":{"line":19,"column":31}},"19":{"start":{"line":20,"column":0},"end":{"line":20,"column":77}},"20":{"start":{"line":21,"column":0},"end":{"line":21,"column":37}},"21":{"start":{"line":22,"column":0},"end":{"line":22,"column":63}},"22":{"start":{"line":23,"column":0},"end":{"line":23,"column":20}},"23":{"start":{"line":24,"column":0},"end":{"line":24,"column":5}},"24":{"start":{"line":25,"column":0},"end":{"line":25,"column":0}},"25":{"start":{"line":26,"column":0},"end":{"line":26,"column":12}},"26":{"start":{"line":27,"column":0},"end":{"line":27,"column":69}},"27":{"start":{"line":28,"column":0},"end":{"line":28,"column":68}},"28":{"start":{"line":29,"column":0},"end":{"line":29,"column":51}},"29":{"start":{"line":30,"column":0},"end":{"line":30,"column":65}},"30":{"start":{"line":31,"column":0},"end":{"line":31,"column":75}},"31":{"start":{"line":32,"column":0},"end":{"line":32,"column":77}},"32":{"start":{"line":33,"column":0},"end":{"line":33,"column":57}},"33":{"start":{"line":34,"column":0},"end":{"line":34,"column":53}},"34":{"start":{"line":35,"column":0},"end":{"line":35,"column":49}},"35":{"start":{"line":36,"column":0},"end":{"line":36,"column":5}},"36":{"start":{"line":37,"column":0},"end":{"line":37,"column":0}},"37":{"start":{"line":38,"column":0},"end":{"line":38,"column":23}},"38":{"start":{"line":39,"column":0},"end":{"line":39,"column":27}},"39":{"start":{"line":40,"column":0},"end":{"line":40,"column":34}},"40":{"start":{"line":41,"column":0},"end":{"line":41,"column":34}},"41":{"start":{"line":42,"column":0},"end":{"line":42,"column":37}},"42":{"start":{"line":43,"column":0},"end":{"line":43,"column":24}},"43":{"start":{"line":44,"column":0},"end":{"line":44,"column":5}},"44":{"start":{"line":45,"column":0},"end":{"line":45,"column":0}},"45":{"start":{"line":46,"column":0},"end":{"line":46,"column":17}},"46":{"start":{"line":47,"column":0},"end":{"line":47,"column":24}},"47":{"start":{"line":48,"column":0},"end":{"line":48,"column":41}},"48":{"start":{"line":49,"column":0},"end":{"line":49,"column":41}},"49":{"start":{"line":50,"column":0},"end":{"line":50,"column":32}},"50":{"start":{"line":51,"column":0},"end":{"line":51,"column":22}},"51":{"start":{"line":52,"column":0},"end":{"line":52,"column":84}},"52":{"start":{"line":53,"column":0},"end":{"line":53,"column":33}},"53":{"start":{"line":54,"column":0},"end":{"line":54,"column":5}},"54":{"start":{"line":55,"column":0},"end":{"line":55,"column":0}},"55":{"start":{"line":56,"column":0},"end":{"line":56,"column":26}},"56":{"start":{"line":57,"column":0},"end":{"line":57,"column":52}},"57":{"start":{"line":58,"column":0},"end":{"line":58,"column":87}},"58":{"start":{"line":59,"column":0},"end":{"line":59,"column":69}},"59":{"start":{"line":60,"column":0},"end":{"line":60,"column":9}},"60":{"start":{"line":61,"column":0},"end":{"line":61,"column":5}},"61":{"start":{"line":62,"column":0},"end":{"line":62,"column":0}},"62":{"start":{"line":63,"column":0},"end":{"line":63,"column":29}},"63":{"start":{"line":64,"column":0},"end":{"line":64,"column":52}},"64":{"start":{"line":65,"column":0},"end":{"line":65,"column":87}},"65":{"start":{"line":66,"column":0},"end":{"line":66,"column":72}},"66":{"start":{"line":67,"column":0},"end":{"line":67,"column":9}},"67":{"start":{"line":68,"column":0},"end":{"line":68,"column":5}},"68":{"start":{"line":69,"column":0},"end":{"line":69,"column":0}},"69":{"start":{"line":70,"column":0},"end":{"line":70,"column":25}},"70":{"start":{"line":71,"column":0},"end":{"line":71,"column":41}},"71":{"start":{"line":72,"column":0},"end":{"line":72,"column":70}},"72":{"start":{"line":73,"column":0},"end":{"line":73,"column":0}},"73":{"start":{"line":74,"column":0},"end":{"line":74,"column":83}},"74":{"start":{"line":75,"column":0},"end":{"line":75,"column":48}},"75":{"start":{"line":76,"column":0},"end":{"line":76,"column":38}},"76":{"start":{"line":77,"column":0},"end":{"line":77,"column":48}},"77":{"start":{"line":78,"column":0},"end":{"line":78,"column":68}},"78":{"start":{"line":79,"column":0},"end":{"line":79,"column":32}},"79":{"start":{"line":80,"column":0},"end":{"line":80,"column":38}},"80":{"start":{"line":81,"column":0},"end":{"line":81,"column":5}},"81":{"start":{"line":82,"column":0},"end":{"line":82,"column":0}},"82":{"start":{"line":83,"column":0},"end":{"line":83,"column":25}},"83":{"start":{"line":84,"column":0},"end":{"line":84,"column":38}},"84":{"start":{"line":85,"column":0},"end":{"line":85,"column":123}},"85":{"start":{"line":86,"column":0},"end":{"line":86,"column":5}},"86":{"start":{"line":87,"column":0},"end":{"line":87,"column":0}},"87":{"start":{"line":88,"column":0},"end":{"line":88,"column":26}},"88":{"start":{"line":89,"column":0},"end":{"line":89,"column":69}},"89":{"start":{"line":90,"column":0},"end":{"line":90,"column":59}},"90":{"start":{"line":91,"column":0},"end":{"line":91,"column":5}},"91":{"start":{"line":92,"column":0},"end":{"line":92,"column":0}},"92":{"start":{"line":93,"column":0},"end":{"line":93,"column":29}},"93":{"start":{"line":94,"column":0},"end":{"line":94,"column":69}},"94":{"start":{"line":95,"column":0},"end":{"line":95,"column":62}},"95":{"start":{"line":96,"column":0},"end":{"line":96,"column":5}},"96":{"start":{"line":97,"column":0},"end":{"line":97,"column":0}},"97":{"start":{"line":98,"column":0},"end":{"line":98,"column":18}},"98":{"start":{"line":99,"column":0},"end":{"line":99,"column":48}},"99":{"start":{"line":100,"column":0},"end":{"line":100,"column":0}},"100":{"start":{"line":101,"column":0},"end":{"line":101,"column":30}},"101":{"start":{"line":102,"column":0},"end":{"line":102,"column":46}},"102":{"start":{"line":103,"column":0},"end":{"line":103,"column":32}},"103":{"start":{"line":104,"column":0},"end":{"line":104,"column":37}},"104":{"start":{"line":105,"column":0},"end":{"line":105,"column":37}},"105":{"start":{"line":106,"column":0},"end":{"line":106,"column":33}},"106":{"start":{"line":107,"column":0},"end":{"line":107,"column":5}},"107":{"start":{"line":108,"column":0},"end":{"line":108,"column":0}},"108":{"start":{"line":109,"column":0},"end":{"line":109,"column":36}},"109":{"start":{"line":110,"column":0},"end":{"line":110,"column":68}},"110":{"start":{"line":111,"column":0},"end":{"line":111,"column":88}},"111":{"start":{"line":112,"column":0},"end":{"line":112,"column":5}},"112":{"start":{"line":113,"column":0},"end":{"line":113,"column":0}},"113":{"start":{"line":114,"column":0},"end":{"line":114,"column":24}},"114":{"start":{"line":115,"column":0},"end":{"line":115,"column":61}},"115":{"start":{"line":116,"column":0},"end":{"line":116,"column":78}},"116":{"start":{"line":117,"column":0},"end":{"line":117,"column":5}},"117":{"start":{"line":118,"column":0},"end":{"line":118,"column":0}},"118":{"start":{"line":119,"column":0},"end":{"line":119,"column":24}},"119":{"start":{"line":120,"column":0},"end":{"line":120,"column":38}},"120":{"start":{"line":121,"column":0},"end":{"line":121,"column":57}},"121":{"start":{"line":122,"column":0},"end":{"line":122,"column":32}},"122":{"start":{"line":123,"column":0},"end":{"line":123,"column":5}},"123":{"start":{"line":124,"column":0},"end":{"line":124,"column":0}},"124":{"start":{"line":125,"column":0},"end":{"line":125,"column":30}},"125":{"start":{"line":126,"column":0},"end":{"line":126,"column":58}},"126":{"start":{"line":127,"column":0},"end":{"line":127,"column":38}},"127":{"start":{"line":128,"column":0},"end":{"line":128,"column":67}},"128":{"start":{"line":129,"column":0},"end":{"line":129,"column":56}},"129":{"start":{"line":130,"column":0},"end":{"line":130,"column":27}},"130":{"start":{"line":131,"column":0},"end":{"line":131,"column":19}},"131":{"start":{"line":132,"column":0},"end":{"line":132,"column":9}},"132":{"start":{"line":133,"column":0},"end":{"line":133,"column":0}},"133":{"start":{"line":134,"column":0},"end":{"line":134,"column":99}},"134":{"start":{"line":135,"column":0},"end":{"line":135,"column":84}},"135":{"start":{"line":136,"column":0},"end":{"line":136,"column":5}},"136":{"start":{"line":137,"column":0},"end":{"line":137,"column":0}},"137":{"start":{"line":138,"column":0},"end":{"line":138,"column":39}},"138":{"start":{"line":139,"column":0},"end":{"line":139,"column":117}},"139":{"start":{"line":140,"column":0},"end":{"line":140,"column":56}},"140":{"start":{"line":141,"column":0},"end":{"line":141,"column":68}},"141":{"start":{"line":142,"column":0},"end":{"line":142,"column":25}},"142":{"start":{"line":143,"column":0},"end":{"line":143,"column":66}},"143":{"start":{"line":144,"column":0},"end":{"line":144,"column":38}},"144":{"start":{"line":145,"column":0},"end":{"line":145,"column":60}},"145":{"start":{"line":146,"column":0},"end":{"line":146,"column":31}},"146":{"start":{"line":147,"column":0},"end":{"line":147,"column":23}},"147":{"start":{"line":148,"column":0},"end":{"line":148,"column":13}},"148":{"start":{"line":149,"column":0},"end":{"line":149,"column":9}},"149":{"start":{"line":150,"column":0},"end":{"line":150,"column":5}},"150":{"start":{"line":151,"column":0},"end":{"line":151,"column":0}},"151":{"start":{"line":152,"column":0},"end":{"line":152,"column":47}},"152":{"start":{"line":153,"column":0},"end":{"line":153,"column":70}},"153":{"start":{"line":154,"column":0},"end":{"line":154,"column":0}},"154":{"start":{"line":155,"column":0},"end":{"line":155,"column":66}},"155":{"start":{"line":156,"column":0},"end":{"line":156,"column":42}},"156":{"start":{"line":157,"column":0},"end":{"line":157,"column":77}},"157":{"start":{"line":158,"column":0},"end":{"line":158,"column":9}},"158":{"start":{"line":159,"column":0},"end":{"line":159,"column":0}},"159":{"start":{"line":160,"column":0},"end":{"line":160,"column":77}},"160":{"start":{"line":161,"column":0},"end":{"line":161,"column":85}},"161":{"start":{"line":162,"column":0},"end":{"line":162,"column":42}},"162":{"start":{"line":163,"column":0},"end":{"line":163,"column":5}},"163":{"start":{"line":164,"column":0},"end":{"line":164,"column":0}},"164":{"start":{"line":165,"column":0},"end":{"line":165,"column":16}},"165":{"start":{"line":166,"column":0},"end":{"line":166,"column":27}},"166":{"start":{"line":167,"column":0},"end":{"line":167,"column":78}},"167":{"start":{"line":168,"column":0},"end":{"line":168,"column":9}},"168":{"start":{"line":169,"column":0},"end":{"line":169,"column":5}},"169":{"start":{"line":170,"column":0},"end":{"line":170,"column":0}},"170":{"start":{"line":171,"column":0},"end":{"line":171,"column":15}},"171":{"start":{"line":172,"column":0},"end":{"line":172,"column":37}},"172":{"start":{"line":173,"column":0},"end":{"line":173,"column":37}},"173":{"start":{"line":174,"column":0},"end":{"line":174,"column":37}},"174":{"start":{"line":175,"column":0},"end":{"line":175,"column":5}},"175":{"start":{"line":176,"column":0},"end":{"line":176,"column":1}}},"s":{"0":1,"1":1,"2":1,"3":1,"4":1,"5":1,"6":1,"7":1,"8":1,"9":1,"10":1,"11":1,"12":1,"13":1,"14":1,"15":5,"16":5,"17":5,"18":5,"19":5,"20":5,"21":5,"22":5,"23":5,"24":1,"25":1,"26":5,"27":5,"28":5,"29":5,"30":5,"31":5,"32":5,"33":5,"34":5,"35":5,"36":1,"37":1,"38":5,"39":5,"40":5,"41":5,"42":5,"43":5,"44":1,"45":1,"46":5,"47":5,"48":5,"49":5,"50":5,"51":5,"52":5,"53":5,"54":1,"55":1,"56":5,"57":45,"58":45,"59":45,"60":5,"61":1,"62":1,"63":2,"64":18,"65":18,"66":18,"67":2,"68":1,"69":1,"70":17,"71":17,"72":17,"73":17,"74":17,"75":17,"76":17,"77":17,"78":17,"79":17,"80":17,"81":1,"82":1,"83":24,"84":24,"85":24,"86":1,"87":1,"88":5,"89":5,"90":5,"91":1,"92":1,"93":2,"94":2,"95":2,"96":1,"97":1,"98":3,"99":2,"100":2,"101":2,"102":2,"103":2,"104":2,"105":2,"106":3,"107":1,"108":1,"109":26,"110":26,"111":26,"112":1,"113":1,"114":23,"115":23,"116":23,"117":1,"118":1,"119":19,"120":18,"121":18,"122":19,"123":1,"124":1,"125":19,"126":19,"127":19,"128":1,"129":1,"130":1,"131":1,"132":17,"133":19,"134":19,"135":19,"136":1,"137":1,"138":17,"139":17,"140":129,"141":129,"142":1,"143":1,"144":1,"145":1,"146":1,"147":1,"148":129,"149":17,"150":1,"151":1,"152":24,"153":24,"154":24,"155":24,"156":7,"157":7,"158":24,"159":24,"160":24,"161":24,"162":24,"163":1,"164":1,"165":5,"166":5,"167":5,"168":5,"169":1,"170":1,"171":2,"172":2,"173":2,"174":2,"175":1},"branchMap":{"0":{"type":"branch","line":15,"loc":{"start":{"line":15,"column":4},"end":{"line":24,"column":5}},"locations":[{"start":{"line":15,"column":4},"end":{"line":24,"column":5}}]},"1":{"type":"branch","line":26,"loc":{"start":{"line":26,"column":4},"end":{"line":36,"column":5}},"locations":[{"start":{"line":26,"column":4},"end":{"line":36,"column":5}}]},"2":{"type":"branch","line":38,"loc":{"start":{"line":38,"column":4},"end":{"line":44,"column":5}},"locations":[{"start":{"line":38,"column":4},"end":{"line":44,"column":5}}]},"3":{"type":"branch","line":46,"loc":{"start":{"line":46,"column":4},"end":{"line":54,"column":5}},"locations":[{"start":{"line":46,"column":4},"end":{"line":54,"column":5}}]},"4":{"type":"branch","line":56,"loc":{"start":{"line":56,"column":4},"end":{"line":61,"column":5}},"locations":[{"start":{"line":56,"column":4},"end":{"line":61,"column":5}}]},"5":{"type":"branch","line":57,"loc":{"start":{"line":57,"column":51},"end":{"line":60,"column":9}},"locations":[{"start":{"line":57,"column":51},"end":{"line":60,"column":9}}]},"6":{"type":"branch","line":63,"loc":{"start":{"line":63,"column":4},"end":{"line":68,"column":5}},"locations":[{"start":{"line":63,"column":4},"end":{"line":68,"column":5}}]},"7":{"type":"branch","line":64,"loc":{"start":{"line":64,"column":51},"end":{"line":67,"column":9}},"locations":[{"start":{"line":64,"column":51},"end":{"line":67,"column":9}}]},"8":{"type":"branch","line":70,"loc":{"start":{"line":70,"column":4},"end":{"line":81,"column":5}},"locations":[{"start":{"line":70,"column":4},"end":{"line":81,"column":5}}]},"9":{"type":"branch","line":74,"loc":{"start":{"line":74,"column":73},"end":{"line":74,"column":83}},"locations":[{"start":{"line":74,"column":73},"end":{"line":74,"column":83}}]},"10":{"type":"branch","line":83,"loc":{"start":{"line":83,"column":4},"end":{"line":86,"column":5}},"locations":[{"start":{"line":83,"column":4},"end":{"line":86,"column":5}}]},"11":{"type":"branch","line":84,"loc":{"start":{"line":84,"column":28},"end":{"line":84,"column":38}},"locations":[{"start":{"line":84,"column":28},"end":{"line":84,"column":38}}]},"12":{"type":"branch","line":85,"loc":{"start":{"line":85,"column":82},"end":{"line":85,"column":110}},"locations":[{"start":{"line":85,"column":82},"end":{"line":85,"column":110}}]},"13":{"type":"branch","line":88,"loc":{"start":{"line":88,"column":4},"end":{"line":91,"column":5}},"locations":[{"start":{"line":88,"column":4},"end":{"line":91,"column":5}}]},"14":{"type":"branch","line":93,"loc":{"start":{"line":93,"column":4},"end":{"line":96,"column":5}},"locations":[{"start":{"line":93,"column":4},"end":{"line":96,"column":5}}]},"15":{"type":"branch","line":98,"loc":{"start":{"line":98,"column":4},"end":{"line":107,"column":5}},"locations":[{"start":{"line":98,"column":4},"end":{"line":107,"column":5}}]},"16":{"type":"branch","line":99,"loc":{"start":{"line":99,"column":38},"end":{"line":99,"column":48}},"locations":[{"start":{"line":99,"column":38},"end":{"line":99,"column":48}}]},"17":{"type":"branch","line":100,"loc":{"start":{"line":100,"column":-1},"end":{"line":107,"column":4}},"locations":[{"start":{"line":100,"column":-1},"end":{"line":107,"column":4}}]},"18":{"type":"branch","line":109,"loc":{"start":{"line":109,"column":4},"end":{"line":112,"column":5}},"locations":[{"start":{"line":109,"column":4},"end":{"line":112,"column":5}}]},"19":{"type":"branch","line":111,"loc":{"start":{"line":111,"column":13},"end":{"line":111,"column":50}},"locations":[{"start":{"line":111,"column":13},"end":{"line":111,"column":50}}]},"20":{"type":"branch","line":111,"loc":{"start":{"line":111,"column":51},"end":{"line":111,"column":87}},"locations":[{"start":{"line":111,"column":51},"end":{"line":111,"column":87}}]},"21":{"type":"branch","line":114,"loc":{"start":{"line":114,"column":4},"end":{"line":117,"column":5}},"locations":[{"start":{"line":114,"column":4},"end":{"line":117,"column":5}}]},"22":{"type":"branch","line":115,"loc":{"start":{"line":115,"column":53},"end":{"line":115,"column":56}},"locations":[{"start":{"line":115,"column":53},"end":{"line":115,"column":56}}]},"23":{"type":"branch","line":115,"loc":{"start":{"line":115,"column":57},"end":{"line":115,"column":60}},"locations":[{"start":{"line":115,"column":57},"end":{"line":115,"column":60}}]},"24":{"type":"branch","line":119,"loc":{"start":{"line":119,"column":4},"end":{"line":123,"column":5}},"locations":[{"start":{"line":119,"column":4},"end":{"line":123,"column":5}}]},"25":{"type":"branch","line":120,"loc":{"start":{"line":120,"column":28},"end":{"line":120,"column":38}},"locations":[{"start":{"line":120,"column":28},"end":{"line":120,"column":38}}]},"26":{"type":"branch","line":121,"loc":{"start":{"line":121,"column":-1},"end":{"line":123,"column":4}},"locations":[{"start":{"line":121,"column":-1},"end":{"line":123,"column":4}}]},"27":{"type":"branch","line":125,"loc":{"start":{"line":125,"column":4},"end":{"line":136,"column":5}},"locations":[{"start":{"line":125,"column":4},"end":{"line":136,"column":5}}]},"28":{"type":"branch","line":127,"loc":{"start":{"line":127,"column":28},"end":{"line":127,"column":38}},"locations":[{"start":{"line":127,"column":28},"end":{"line":127,"column":38}}]},"29":{"type":"branch","line":128,"loc":{"start":{"line":128,"column":-1},"end":{"line":128,"column":66}},"locations":[{"start":{"line":128,"column":-1},"end":{"line":128,"column":66}}]},"30":{"type":"branch","line":128,"loc":{"start":{"line":128,"column":66},"end":{"line":132,"column":9}},"locations":[{"start":{"line":128,"column":66},"end":{"line":132,"column":9}}]},"31":{"type":"branch","line":133,"loc":{"start":{"line":133,"column":-1},"end":{"line":134,"column":74}},"locations":[{"start":{"line":133,"column":-1},"end":{"line":134,"column":74}}]},"32":{"type":"branch","line":134,"loc":{"start":{"line":134,"column":74},"end":{"line":134,"column":85}},"locations":[{"start":{"line":134,"column":74},"end":{"line":134,"column":85}}]},"33":{"type":"branch","line":134,"loc":{"start":{"line":134,"column":86},"end":{"line":134,"column":98}},"locations":[{"start":{"line":134,"column":86},"end":{"line":134,"column":98}}]},"34":{"type":"branch","line":138,"loc":{"start":{"line":138,"column":4},"end":{"line":150,"column":5}},"locations":[{"start":{"line":138,"column":4},"end":{"line":150,"column":5}}]},"35":{"type":"branch","line":140,"loc":{"start":{"line":140,"column":55},"end":{"line":149,"column":9}},"locations":[{"start":{"line":140,"column":55},"end":{"line":149,"column":9}}]},"36":{"type":"branch","line":142,"loc":{"start":{"line":142,"column":24},"end":{"line":148,"column":13}},"locations":[{"start":{"line":142,"column":24},"end":{"line":148,"column":13}}]},"37":{"type":"branch","line":150,"loc":{"start":{"line":150,"column":-1},"end":{"line":150,"column":4}},"locations":[{"start":{"line":150,"column":-1},"end":{"line":150,"column":4}}]},"38":{"type":"branch","line":139,"loc":{"start":{"line":139,"column":56},"end":{"line":139,"column":90}},"locations":[{"start":{"line":139,"column":56},"end":{"line":139,"column":90}}]},"39":{"type":"branch","line":139,"loc":{"start":{"line":139,"column":96},"end":{"line":139,"column":115}},"locations":[{"start":{"line":139,"column":96},"end":{"line":139,"column":115}}]},"40":{"type":"branch","line":152,"loc":{"start":{"line":152,"column":4},"end":{"line":163,"column":5}},"locations":[{"start":{"line":152,"column":4},"end":{"line":163,"column":5}}]},"41":{"type":"branch","line":156,"loc":{"start":{"line":156,"column":41},"end":{"line":158,"column":9}},"locations":[{"start":{"line":156,"column":41},"end":{"line":158,"column":9}}]},"42":{"type":"branch","line":165,"loc":{"start":{"line":165,"column":4},"end":{"line":169,"column":5}},"locations":[{"start":{"line":165,"column":4},"end":{"line":169,"column":5}}]},"43":{"type":"branch","line":171,"loc":{"start":{"line":171,"column":4},"end":{"line":175,"column":5}},"locations":[{"start":{"line":171,"column":4},"end":{"line":175,"column":5}}]}},"b":{"0":[5],"1":[5],"2":[5],"3":[5],"4":[5],"5":[45],"6":[2],"7":[18],"8":[17],"9":[0],"10":[24],"11":[0],"12":[65],"13":[5],"14":[2],"15":[3],"16":[1],"17":[2],"18":[26],"19":[9],"20":[17],"21":[23],"22":[13],"23":[10],"24":[19],"25":[1],"26":[18],"27":[19],"28":[1],"29":[18],"30":[1],"31":[17],"32":[0],"33":[17],"34":[17],"35":[129],"36":[1],"37":[16],"38":[153],"39":[37],"40":[24],"41":[7],"42":[5],"43":[2]},"fnMap":{"0":{"name":"Game","decl":{"start":{"line":15,"column":4},"end":{"line":24,"column":5}},"loc":{"start":{"line":15,"column":4},"end":{"line":24,"column":5}},"line":15},"1":{"name":"bind","decl":{"start":{"line":26,"column":4},"end":{"line":36,"column":5}},"loc":{"start":{"line":26,"column":4},"end":{"line":36,"column":5}},"line":26},"2":{"name":"initializeBoard","decl":{"start":{"line":38,"column":4},"end":{"line":44,"column":5}},"loc":{"start":{"line":38,"column":4},"end":{"line":44,"column":5}},"line":38},"3":{"name":"startGame","decl":{"start":{"line":46,"column":4},"end":{"line":54,"column":5}},"loc":{"start":{"line":46,"column":4},"end":{"line":54,"column":5}},"line":46},"4":{"name":"addCellClickEvents","decl":{"start":{"line":56,"column":4},"end":{"line":61,"column":5}},"loc":{"start":{"line":56,"column":4},"end":{"line":61,"column":5}},"line":56},"5":{"name":"removeCellClickEvents","decl":{"start":{"line":63,"column":4},"end":{"line":68,"column":5}},"loc":{"start":{"line":63,"column":4},"end":{"line":68,"column":5}},"line":63},"6":{"name":"onClickEvent","decl":{"start":{"line":70,"column":4},"end":{"line":81,"column":5}},"loc":{"start":{"line":70,"column":4},"end":{"line":81,"column":5}},"line":70},"7":{"name":"updateMoveHistory","decl":{"start":{"line":83,"column":4},"end":{"line":86,"column":5}},"loc":{"start":{"line":83,"column":4},"end":{"line":86,"column":5}},"line":83},"8":{"name":"addUndoButtonEvent","decl":{"start":{"line":88,"column":4},"end":{"line":91,"column":5}},"loc":{"start":{"line":88,"column":4},"end":{"line":91,"column":5}},"line":88},"9":{"name":"removeUndoButtonEvent","decl":{"start":{"line":93,"column":4},"end":{"line":96,"column":5}},"loc":{"start":{"line":93,"column":4},"end":{"line":96,"column":5}},"line":93},"10":{"name":"onUndoMove","decl":{"start":{"line":98,"column":4},"end":{"line":107,"column":5}},"loc":{"start":{"line":98,"column":4},"end":{"line":107,"column":5}},"line":98},"11":{"name":"disableUndoButton","decl":{"start":{"line":109,"column":4},"end":{"line":112,"column":5}},"loc":{"start":{"line":109,"column":4},"end":{"line":112,"column":5}},"line":109},"12":{"name":"setCurrentPlayer","decl":{"start":{"line":114,"column":4},"end":{"line":117,"column":5}},"loc":{"start":{"line":114,"column":4},"end":{"line":117,"column":5}},"line":114},"13":{"name":"switchPlayerTurn","decl":{"start":{"line":119,"column":4},"end":{"line":123,"column":5}},"loc":{"start":{"line":119,"column":4},"end":{"line":123,"column":5}},"line":119},"14":{"name":"updateNextPlayerStatus","decl":{"start":{"line":125,"column":4},"end":{"line":136,"column":5}},"loc":{"start":{"line":125,"column":4},"end":{"line":136,"column":5}},"line":125},"15":{"name":"checkForWinningPlayer","decl":{"start":{"line":138,"column":4},"end":{"line":150,"column":5}},"loc":{"start":{"line":138,"column":4},"end":{"line":150,"column":5}},"line":138},"16":{"name":"updateGameStatusBoard","decl":{"start":{"line":152,"column":4},"end":{"line":163,"column":5}},"loc":{"start":{"line":152,"column":4},"end":{"line":163,"column":5}},"line":152},"17":{"name":"showLogs","decl":{"start":{"line":165,"column":4},"end":{"line":169,"column":5}},"loc":{"start":{"line":165,"column":4},"end":{"line":169,"column":5}},"line":165},"18":{"name":"endGame","decl":{"start":{"line":171,"column":4},"end":{"line":175,"column":5}},"loc":{"start":{"line":171,"column":4},"end":{"line":175,"column":5}},"line":171}},"f":{"0":5,"1":5,"2":5,"3":5,"4":5,"5":2,"6":17,"7":24,"8":5,"9":2,"10":3,"11":26,"12":23,"13":19,"14":19,"15":17,"16":24,"17":5,"18":2}}
,"/Users/manfredwerner/Documents/coding/tic-tac-toe/app/players.js": {"path":"/Users/manfredwerner/Documents/coding/tic-tac-toe/app/players.js","all":false,"statementMap":{"0":{"start":{"line":1,"column":0},"end":{"line":1,"column":30}},"1":{"start":{"line":2,"column":0},"end":{"line":2,"column":0}},"2":{"start":{"line":3,"column":0},"end":{"line":3,"column":19}},"3":{"start":{"line":4,"column":0},"end":{"line":4,"column":27}},"4":{"start":{"line":5,"column":0},"end":{"line":5,"column":33}},"5":{"start":{"line":6,"column":0},"end":{"line":6,"column":5}},"6":{"start":{"line":7,"column":0},"end":{"line":7,"column":0}},"7":{"start":{"line":8,"column":0},"end":{"line":8,"column":25}},"8":{"start":{"line":9,"column":0},"end":{"line":9,"column":35}},"9":{"start":{"line":10,"column":0},"end":{"line":10,"column":5}},"10":{"start":{"line":11,"column":0},"end":{"line":11,"column":0}},"11":{"start":{"line":12,"column":0},"end":{"line":12,"column":31}},"12":{"start":{"line":13,"column":0},"end":{"line":13,"column":37}},"13":{"start":{"line":14,"column":0},"end":{"line":14,"column":5}},"14":{"start":{"line":15,"column":0},"end":{"line":15,"column":0}},"15":{"start":{"line":16,"column":0},"end":{"line":16,"column":27}},"16":{"start":{"line":17,"column":0},"end":{"line":17,"column":54}},"17":{"start":{"line":18,"column":0},"end":{"line":18,"column":28}},"18":{"start":{"line":19,"column":0},"end":{"line":19,"column":29}},"19":{"start":{"line":20,"column":0},"end":{"line":20,"column":46}},"20":{"start":{"line":21,"column":0},"end":{"line":21,"column":10}},"21":{"start":{"line":22,"column":0},"end":{"line":22,"column":5}},"22":{"start":{"line":23,"column":0},"end":{"line":23,"column":0}},"23":{"start":{"line":24,"column":0},"end":{"line":24,"column":18}},"24":{"start":{"line":25,"column":0},"end":{"line":25,"column":29}},"25":{"start":{"line":26,"column":0},"end":{"line":26,"column":5}},"26":{"start":{"line":27,"column":0},"end":{"line":27,"column":4}},"27":{"start":{"line":28,"column":0},"end":{"line":28,"column":1}}},"s":{"0":1,"1":1,"2":1,"3":5,"4":5,"5":5,"6":1,"7":1,"8":141,"9":141,"10":1,"11":1,"12":23,"13":23,"14":1,"15":1,"16":10,"17":10,"18":10,"19":10,"20":10,"21":10,"22":1,"23":1,"24":23,"25":23,"26":1,"27":1},"branchMap":{"0":{"type":"branch","line":3,"loc":{"start":{"line":3,"column":4},"end":{"line":6,"column":5}},"locations":[{"start":{"line":3,"column":4},"end":{"line":6,"column":5}}]},"1":{"type":"branch","line":8,"loc":{"start":{"line":8,"column":4},"end":{"line":10,"column":5}},"locations":[{"start":{"line":8,"column":4},"end":{"line":10,"column":5}}]},"2":{"type":"branch","line":12,"loc":{"start":{"line":12,"column":4},"end":{"line":14,"column":5}},"locations":[{"start":{"line":12,"column":4},"end":{"line":14,"column":5}}]},"3":{"type":"branch","line":16,"loc":{"start":{"line":16,"column":4},"end":{"line":22,"column":5}},"locations":[{"start":{"line":16,"column":4},"end":{"line":22,"column":5}}]},"4":{"type":"branch","line":24,"loc":{"start":{"line":24,"column":4},"end":{"line":26,"column":5}},"locations":[{"start":{"line":24,"column":4},"end":{"line":26,"column":5}}]}},"b":{"0":[5],"1":[141],"2":[23],"3":[10],"4":[23]},"fnMap":{"0":{"name":"Players","decl":{"start":{"line":3,"column":4},"end":{"line":6,"column":5}},"loc":{"start":{"line":3,"column":4},"end":{"line":6,"column":5}},"line":3},"1":{"name":"get currentPlayer","decl":{"start":{"line":8,"column":4},"end":{"line":10,"column":5}},"loc":{"start":{"line":8,"column":4},"end":{"line":10,"column":5}},"line":8},"2":{"name":"set currentPlayer","decl":{"start":{"line":12,"column":4},"end":{"line":14,"column":5}},"loc":{"start":{"line":12,"column":4},"end":{"line":14,"column":5}},"line":12},"3":{"name":"addPlayer","decl":{"start":{"line":16,"column":4},"end":{"line":22,"column":5}},"loc":{"start":{"line":16,"column":4},"end":{"line":22,"column":5}},"line":16},"4":{"name":"allPlayers","decl":{"start":{"line":24,"column":4},"end":{"line":26,"column":5}},"loc":{"start":{"line":24,"column":4},"end":{"line":26,"column":5}},"line":24}},"f":{"0":5,"1":141,"2":23,"3":10,"4":23}}
,"/Users/manfredwerner/Documents/coding/tic-tac-toe/constants/combination.js": {"path":"/Users/manfredwerner/Documents/coding/tic-tac-toe/constants/combination.js","all":false,"statementMap":{"0":{"start":{"line":1,"column":0},"end":{"line":1,"column":33}},"1":{"start":{"line":2,"column":0},"end":{"line":2,"column":22}},"2":{"start":{"line":3,"column":0},"end":{"line":3,"column":25}},"3":{"start":{"line":4,"column":0},"end":{"line":4,"column":28}},"4":{"start":{"line":5,"column":0},"end":{"line":5,"column":28}},"5":{"start":{"line":6,"column":0},"end":{"line":6,"column":0}},"6":{"start":{"line":7,"column":0},"end":{"line":7,"column":20}},"7":{"start":{"line":8,"column":0},"end":{"line":8,"column":29}},"8":{"start":{"line":9,"column":0},"end":{"line":9,"column":31}},"9":{"start":{"line":10,"column":0},"end":{"line":10,"column":30}},"10":{"start":{"line":11,"column":0},"end":{"line":11,"column":0}},"11":{"start":{"line":12,"column":0},"end":{"line":12,"column":20}},"12":{"start":{"line":13,"column":0},"end":{"line":13,"column":51}},"13":{"start":{"line":14,"column":0},"end":{"line":14,"column":51}},"14":{"start":{"line":15,"column":0},"end":{"line":15,"column":2}}},"s":{"0":1,"1":1,"2":1,"3":1,"4":1,"5":1,"6":1,"7":1,"8":1,"9":1,"10":1,"11":1,"12":1,"13":1,"14":1},"branchMap":{},"b":{},"fnMap":{},"f":{}}
,"/Users/manfredwerner/Documents/coding/tic-tac-toe/constants/playingBoard.js": {"path":"/Users/manfredwerner/Documents/coding/tic-tac-toe/constants/playingBoard.js","all":false,"statementMap":{"0":{"start":{"line":1,"column":0},"end":{"line":1,"column":25}},"1":{"start":{"line":2,"column":0},"end":{"line":2,"column":0}},"2":{"start":{"line":3,"column":0},"end":{"line":3,"column":42}},"3":{"start":{"line":4,"column":0},"end":{"line":4,"column":66}},"4":{"start":{"line":5,"column":0},"end":{"line":5,"column":26}},"5":{"start":{"line":6,"column":0},"end":{"line":6,"column":19}},"6":{"start":{"line":7,"column":0},"end":{"line":7,"column":21}},"7":{"start":{"line":8,"column":0},"end":{"line":8,"column":8}},"8":{"start":{"line":9,"column":0},"end":{"line":9,"column":1}}},"s":{"0":1,"1":1,"2":1,"3":5,"4":45,"5":45,"6":45,"7":5,"8":5},"branchMap":{"0":{"type":"branch","line":3,"loc":{"start":{"line":3,"column":7},"end":{"line":9,"column":1}},"locations":[{"start":{"line":3,"column":7},"end":{"line":9,"column":1}}]},"1":{"type":"branch","line":4,"loc":{"start":{"line":4,"column":50},"end":{"line":8,"column":6}},"locations":[{"start":{"line":4,"column":50},"end":{"line":8,"column":6}}]}},"b":{"0":[5],"1":[45]},"fnMap":{"0":{"name":"generateBoardCellsData","decl":{"start":{"line":3,"column":7},"end":{"line":9,"column":1}},"loc":{"start":{"line":3,"column":7},"end":{"line":9,"column":1}},"line":3}},"f":{"0":5}}
,"/Users/manfredwerner/Documents/coding/tic-tac-toe/utils/isSubset.js": {"path":"/Users/manfredwerner/Documents/coding/tic-tac-toe/utils/isSubset.js","all":false,"statementMap":{"0":{"start":{"line":1,"column":0},"end":{"line":1,"column":57}},"1":{"start":{"line":2,"column":0},"end":{"line":2,"column":68}}},"s":{"0":1,"1":1},"branchMap":{"0":{"type":"branch","line":1,"loc":{"start":{"line":1,"column":24},"end":{"line":2,"column":67}},"locations":[{"start":{"line":1,"column":24},"end":{"line":2,"column":67}}]},"1":{"type":"branch","line":2,"loc":{"start":{"line":2,"column":23},"end":{"line":2,"column":66}},"locations":[{"start":{"line":2,"column":23},"end":{"line":2,"column":66}}]}},"b":{"0":[129],"1":[183]},"fnMap":{"0":{"name":"isSubset","decl":{"start":{"line":1,"column":24},"end":{"line":2,"column":67}},"loc":{"start":{"line":1,"column":24},"end":{"line":2,"column":67}},"line":1}},"f":{"0":129}}
}
